[2026-06-16 14:54:30] [INFORMATION] ProgEsameUniVPM.Program ====INIZIO GIOCO====
[2026-06-16 14:54:30] [DEBUG] GameManager          Transizione stato: CreazionePersonaggio -> CreazionePersonaggio
[2026-06-16 14:54:37] [INFORMATION] ProgEsameUniVPM.CreazionePersonaggio Personaggio creato: Saverio
[2026-06-16 14:54:39] [INFORMATION] ProgEsameUniVPM.CreazionePersonaggio Arma iniziale scelta: Spada
[2026-06-16 14:54:39] [DEBUG] Mappa                Inizializzazione mappa
[2026-06-16 14:54:39] [INFORMATION] Mappa                Mappa inizializzata: 20 stanze
[2026-06-16 14:54:39] [INFORMATION] ProgEsameUniVPM.Program Nuova partita iniziata. Stanza iniziale: Armeria
[2026-06-16 14:54:39] [DEBUG] GameManager          Transizione stato: CreazionePersonaggio -> EsplorazioneStanza
[2026-06-16 14:54:39] [INFORMATION] ProgEsameUniVPM.EsplorazioneStanza Entrato in Armeria (Livello 0)
[2026-06-16 15:05:43] [INFORMATION] ProgEsameUniVPM.Program ====INIZIO GIOCO====
[2026-06-16 15:05:43] [DEBUG] GameManager          Transizione stato: CreazionePersonaggio -> CreazionePersonaggio
[2026-06-16 15:05:47] [INFORMATION] ProgEsameUniVPM.CreazionePersonaggio Personaggio creato: Saverio
[2026-06-16 15:05:49] [INFORMATION] ProgEsameUniVPM.CreazionePersonaggio Arma iniziale scelta: Spada
[2026-06-16 15:05:49] [DEBUG] Mappa                Inizializzazione mappa
[2026-06-16 15:05:49] [INFORMATION] Mappa                Mappa inizializzata: 20 stanze
[2026-06-16 15:05:49] [INFORMATION] ProgEsameUniVPM.Program Nuova partita iniziata. Stanza iniziale: Ingresso
[2026-06-16 15:05:49] [DEBUG] GameManager          Transizione stato: CreazionePersonaggio -> EsplorazioneStanza
[2026-06-16 15:05:49] [INFORMATION] ProgEsameUniVPM.EsplorazioneStanza Entrato in Ingresso (Livello 0)
[2026-06-16 15:06:02] [DEBUG] ProgEsameUniVPM.EsplorazioneStanza Eseguita azione: parla al mercante
[2026-06-16 15:06:02] [DEBUG] GameManager          Transizione stato: EsplorazioneStanza -> IncontroMercante
[2026-06-16 15:06:02] [INFORMATION] ProgEsameUniVPM.IncontroMercante Incontro mercante: 3 oggetti disponibili
[2026-06-17 15:37:23] [INFORMATION] ProgEsameUniVPM.Program ====INIZIO GIOCO====
[2026-06-17 15:37:23] [DEBUG] GameManager          Transizione stato: CreazionePersonaggio -> CreazionePersonaggio
[2026-06-17 15:37:27] [INFORMATION] ProgEsameUniVPM.CreazionePersonaggio Personaggio creato: Savi
[2026-06-17 15:37:29] [INFORMATION] ProgEsameUniVPM.CreazionePersonaggio Arma iniziale scelta: Scudo
[2026-06-17 15:37:29] [DEBUG] Mappa                Inizializzazione mappa
[2026-06-17 15:37:29] [INFORMATION] Mappa                Mappa inizializzata: 20 stanze
[2026-06-17 15:37:29] [INFORMATION] ProgEsameUniVPM.Program Nuova partita iniziata. Stanza iniziale: Ingresso
[2026-06-17 15:37:29] [DEBUG] GameManager          Transizione stato: CreazionePersonaggio -> EsplorazioneStanza
[2026-06-17 15:37:29] [INFORMATION] ProgEsameUniVPM.EsplorazioneStanza Entrato in Ingresso (Livello 0)
[2026-06-17 15:37:38] [DEBUG] ProgEsameUniVPM.EsplorazioneStanza Eseguita azione: raccogli torcia
[2026-06-17 15:37:58] [DEBUG] ProgEsameUniVPM.EsplorazioneStanza Eseguita azione: raccogli torcia
[2026-06-17 15:38:04] [DEBUG] ProgEsameUniVPM.EsplorazioneStanza Eseguita azione: vai nord
[2026-06-17 15:38:04] [INFORMATION] GameManager          Spostamento: Ingresso -> Cantina (Nord)
[2026-06-17 15:38:04] [DEBUG] Giocatore            Stamina cambiata di 2 (ora: 10/10)
[2026-06-17 15:38:04] [DEBUG] GameManager          Transizione stato: EsplorazioneStanza -> EsplorazioneStanza
[2026-06-17 15:38:04] [INFORMATION] ProgEsameUniVPM.EsplorazioneStanza Entrato in Cantina (Livello 0)
[2026-06-17 15:38:11] [DEBUG] ProgEsameUniVPM.EsplorazioneStanza Eseguita azione: raccogli pozione
[2026-06-17 15:38:20] [DEBUG] ProgEsameUniVPM.EsplorazioneStanza Eseguita azione: raccogli chiave
[2026-06-17 15:38:20] [INFORMATION] Giocatore            Chiave raccolta: Chiave d'Oro (serratura: chiave_oro)
[2026-06-17 15:38:26] [DEBUG] ProgEsameUniVPM.EsplorazioneStanza Eseguita azione: vai ovest
[2026-06-17 15:38:26] [INFORMATION] GameManager          Porta sbloccata con chiave chiave_oro verso Ovest
[2026-06-17 15:38:26] [INFORMATION] GameManager          Spostamento: Cantina -> Stanza con Nemico (Ovest)
[2026-06-17 15:38:26] [DEBUG] Giocatore            Stamina cambiata di 2 (ora: 10/10)
[2026-06-17 15:38:26] [INFORMATION] GameManager          Nemico incontrato nella stanza: Mimic
[2026-06-17 15:38:26] [DEBUG] GameManager          Transizione stato: EsplorazioneStanza -> Combattimento
[2026-06-17 15:38:26] [INFORMATION] ProgEsameUniVPM.Combattimento Combattimento iniziato contro Mimic (HP: 80)
[2026-06-17 15:38:26] [DEBUG] GameManager          Transizione stato: Combattimento -> EsplorazioneStanza
[2026-06-17 15:38:26] [INFORMATION] ProgEsameUniVPM.EsplorazioneStanza Entrato in Stanza con Nemico (Livello 0)
[2026-06-17 15:38:43] [WARNING] ProgEsameUniVPM.EsplorazioneStanza Azione non riconosciuta: attacca
[2026-06-17 17:17:05] [INFORMATION] ProgEsameUniVPM.Program ====INIZIO GIOCO====
[2026-06-17 17:17:05] [DEBUG] GameManager          Transizione stato: CreazionePersonaggio -> CreazionePersonaggio
[2026-06-17 17:17:21] [INFORMATION] ProgEsameUniVPM.CreazionePersonaggio Personaggio creato: Saverio
[2026-06-17 17:17:25] [INFORMATION] ProgEsameUniVPM.CreazionePersonaggio Arma iniziale scelta: Spada
[2026-06-17 17:17:25] [DEBUG] Mappa                Inizializzazione mappa
[2026-06-17 17:17:25] [INFORMATION] Mappa                Mappa inizializzata: 20 stanze
[2026-06-17 17:17:25] [INFORMATION] ProgEsameUniVPM.Program Nuova partita iniziata. Stanza iniziale: Ingresso
[2026-06-17 17:17:25] [DEBUG] GameManager          Transizione stato: CreazionePersonaggio -> EsplorazioneStanza
[2026-06-17 17:17:25] [INFORMATION] ProgEsameUniVPM.EsplorazioneStanza Entrato in Ingresso (Livello 0)
[2026-06-17 17:17:54] [DEBUG] ProgEsameUniVPM.EsplorazioneStanza Eseguita azione: vai nord
[2026-06-17 17:17:54] [INFORMATION] GameManager          Spostamento: Ingresso -> Cantina (Nord)
[2026-06-17 17:17:54] [DEBUG] Giocatore            Stamina cambiata di 2 (ora: 10/10)
[2026-06-17 17:17:54] [DEBUG] GameManager          Transizione stato: EsplorazioneStanza -> EsplorazioneStanza
[2026-06-17 17:17:54] [INFORMATION] ProgEsameUniVPM.EsplorazioneStanza Entrato in Cantina (Livello 0)
[2026-06-17 17:18:25] [DEBUG] ProgEsameUniVPM.EsplorazioneStanza Eseguita azione: raccogli chiave
[2026-06-17 17:18:25] [INFORMATION] Giocatore            Chiave raccolta: Chiave d'Oro (serratura: chiave_oro)
[2026-06-17 17:18:32] [DEBUG] ProgEsameUniVPM.EsplorazioneStanza Eseguita azione: raccogli pozione
[2026-06-17 17:18:54] [DEBUG] ProgEsameUniVPM.EsplorazioneStanza Eseguita azione: vai est
[2026-06-17 17:18:54] [INFORMATION] GameManager          Porta sbloccata con chiave chiave_oro verso Est
[2026-06-17 17:18:54] [INFORMATION] GameManager          Spostamento: Cantina -> Stanza del Tesoro (Est)
[2026-06-17 17:18:54] [DEBUG] Giocatore            Stamina cambiata di 2 (ora: 10/10)
[2026-06-17 17:18:54] [DEBUG] GameManager          Transizione stato: EsplorazioneStanza -> EsplorazioneStanza
[2026-06-17 17:18:54] [INFORMATION] ProgEsameUniVPM.EsplorazioneStanza Entrato in Stanza del Tesoro (Livello 0)
[2026-06-17 17:19:33] [DEBUG] ProgEsameUniVPM.EsplorazioneStanza Eseguita azione: raccogli
[2026-06-17 17:20:09] [DEBUG] ProgEsameUniVPM.EsplorazioneStanza Eseguita azione: vai est
[2026-06-17 17:20:09] [INFORMATION] GameManager          Spostamento: Stanza del Tesoro -> Cantina (Est)
[2026-06-17 17:20:09] [DEBUG] Giocatore            Stamina cambiata di 2 (ora: 10/10)
[2026-06-17 17:20:09] [DEBUG] GameManager          Transizione stato: EsplorazioneStanza -> EsplorazioneStanza
[2026-06-17 17:20:09] [INFORMATION] ProgEsameUniVPM.EsplorazioneStanza Entrato in Cantina (Livello 0)
[2026-06-17 17:20:19] [WARNING] ProgEsameUniVPM.EsplorazioneStanza Azione non riconosciuta: help
[2026-06-18 10:51:08] [INFORMATION] ProgEsameUniVPM.Program ====INIZIO GIOCO====
[2026-06-18 10:51:08] [DEBUG] GameManager          Transizione stato: CreazionePersonaggio -> CreazionePersonaggio
[2026-06-18 10:51:11] [INFORMATION] ProgEsameUniVPM.CreazionePersonaggio Personaggio creato: salva
[2026-06-18 10:51:15] [INFORMATION] ProgEsameUniVPM.CreazionePersonaggio Arma iniziale scelta: Spada
[2026-06-18 10:51:15] [DEBUG] Mappa                Inizializzazione mappa
[2026-06-18 10:51:15] [INFORMATION] Mappa                Mappa inizializzata: 20 stanze
[2026-06-18 10:51:15] [INFORMATION] ProgEsameUniVPM.Program Nuova partita iniziata. Stanza iniziale: Ingresso
[2026-06-18 10:51:15] [DEBUG] GameManager          Transizione stato: CreazionePersonaggio -> EsplorazioneStanza
[2026-06-18 10:51:15] [INFORMATION] ProgEsameUniVPM.EsplorazioneStanza Entrato in Ingresso (Livello 0)
[2026-06-18 10:51:19] [INFORMATION] JsonSalvataggio      Partita salvata su salvataggio.json
[2026-06-18 10:51:19] [INFORMATION] ProgEsameUniVPM.Program Partita salvata
[2026-06-18 10:51:28] [INFORMATION] ProgEsameUniVPM.Program ====INIZIO GIOCO====
[2026-06-18 10:51:28] [INFORMATION] ProgEsameUniVPM.Program Trovato file di salvataggio
[2026-06-18 10:51:31] [INFORMATION] JsonSalvataggio      Caricamento salvataggio da salvataggio.json
[2026-06-18 11:02:15] [INFORMATION] ProgEsameUniVPM.Program ====INIZIO GIOCO====
[2026-06-18 11:02:15] [INFORMATION] ProgEsameUniVPM.Program Trovato file di salvataggio
[2026-06-18 11:02:17] [INFORMATION] JsonSalvataggio      Caricamento salvataggio da salvataggio.json
[2026-06-18 11:02:34] [INFORMATION] ProgEsameUniVPM.Program ====INIZIO GIOCO====
[2026-06-18 11:02:34] [INFORMATION] ProgEsameUniVPM.Program Trovato file di salvataggio
[2026-06-18 11:02:37] [INFORMATION] JsonSalvataggio      Caricamento salvataggio da salvataggio.json
[2026-06-18 11:05:20] [INFORMATION] ProgEsameUniVPM.Program ====INIZIO GIOCO====
[2026-06-18 11:05:20] [INFORMATION] ProgEsameUniVPM.Program Trovato file di salvataggio
[2026-06-18 11:05:22] [INFORMATION] JsonSalvataggio      Caricamento salvataggio da salvataggio.json
[2026-06-18 11:06:30] [INFORMATION] ProgEsameUniVPM.Program ====INIZIO GIOCO====
[2026-06-18 11:06:30] [INFORMATION] ProgEsameUniVPM.Program Trovato file di salvataggio
[2026-06-18 11:06:32] [INFORMATION] JsonSalvataggio      Caricamento salvataggio da salvataggio.json
[2026-06-18 11:11:28] [INFORMATION] ProgEsameUniVPM.Program ====INIZIO GIOCO====
[2026-06-18 11:11:28] [DEBUG] GameManager          Transizione stato: CreazionePersonaggio -> CreazionePersonaggio
[2026-06-18 11:12:31] [INFORMATION] ProgEsameUniVPM.CreazionePersonaggio Personaggio creato: savi
[2026-06-18 11:12:33] [INFORMATION] ProgEsameUniVPM.CreazionePersonaggio Arma iniziale scelta: Spada
[2026-06-18 11:12:33] [DEBUG] Mappa                Inizializzazione mappa
[2026-06-18 11:12:33] [INFORMATION] Mappa                Mappa inizializzata: 20 stanze
[2026-06-18 11:12:33] [INFORMATION] ProgEsameUniVPM.Program Nuova partita iniziata. Stanza iniziale: Ingresso
[2026-06-18 11:12:33] [DEBUG] GameManager          Transizione stato: CreazionePersonaggio -> EsplorazioneStanza
[2026-06-18 11:12:33] [INFORMATION] ProgEsameUniVPM.EsplorazioneStanza Entrato in Ingresso (Livello 0)
[2026-06-18 11:12:35] [INFORMATION] JsonSalvataggio      Partita salvata su salvataggio.json
[2026-06-18 11:12:35] [INFORMATION] ProgEsameUniVPM.Program Partita salvata
[2026-06-18 11:12:39] [INFORMATION] ProgEsameUniVPM.Program ====INIZIO GIOCO====
[2026-06-18 11:12:39] [INFORMATION] ProgEsameUniVPM.Program Trovato file di salvataggio
[2026-06-18 11:13:00] [INFORMATION] JsonSalvataggio      Caricamento salvataggio da salvataggio.json
[2026-06-18 11:13:00] [DEBUG] Mappa                Inizializzazione mappa
[2026-06-18 11:13:00] [INFORMATION] Mappa                Mappa inizializzata: 20 stanze
[2026-06-18 11:13:00] [DEBUG] GameManager          Transizione stato: CreazionePersonaggio -> EsplorazioneStanza
[2026-06-18 11:13:00] [INFORMATION] ProgEsameUniVPM.EsplorazioneStanza Entrato in Ingresso (Livello 0)
[2026-06-18 11:13:00] [INFORMATION] ProgEsameUniVPM.Program Salvataggio caricato con successo per savi
[2026-06-18 21:53:54] [INFORMATION] ProgEsameUniVPM.Program ====INIZIO GIOCO====
[2026-06-18 21:53:54] [ERROR] GameManager          Errore caricamento config.json
